# JRE version: Java(TM) SE Runtime Environment (8.0_191-b12) (build 1.8.0_191-b12)
# Java VM: Java HotSpot(TM) Client VM (25.191-b12 mixed mode windows-x86 )
Heap:
 def new generation   total 90816K, used 66579K [0x04600000, 0x0a880000, 0x0f0a0000)
  eden space 80768K,  79% used [0x04600000, 0x08473d88, 0x094e0000)
  from space 10048K,  26% used [0x094e0000, 0x09770f50, 0x09eb0000)
  to   space 10048K,   0% used [0x09eb0000, 0x09eb0000, 0x0a880000)
 tenured generation   total 201556K, used 136068K [0x0f0a0000, 0x1b575000, 0x24600000)
   the space 201556K,  67% used [0x0f0a0000, 0x17581328, 0x17581400, 0x1b575000)
 Metaspace       used 25446K, capacity 25986K, committed 26112K, reserved 27008K
GC Heap History (10 events):
Event: 10366.411 GC heap before
{Heap before GC invocations=94 (full 4):
 def new generation   total 90816K, used 84179K [0x04600000, 0x0a880000, 0x0f0a0000)
  eden space 80768K, 100% used [0x04600000, 0x094e0000, 0x094e0000)
  from space 10048K,  33% used [0x09eb0000, 0x0a204c48, 0x0a880000)
  to   space 10048K,   0% used [0x094e0000, 0x094e0000, 0x09eb0000)
 tenured generation   total 201556K, used 136068K [0x0f0a0000, 0x1b575000, 0x24600000)
   the space 201556K,  67% used [0x0f0a0000, 0x175812d0, 0x17581400, 0x1b575000)
 Metaspace       used 25446K, capacity 25986K, committed 26112K, reserved 27008K
Event: 10366.414 GC heap after
Heap after GC invocations=95 (full 4):
 def new generation   total 90816K, used 3387K [0x04600000, 0x0a880000, 0x0f0a0000)
  eden space 80768K,   0% used [0x04600000, 0x04600000, 0x094e0000)
  from space 10048K,  33% used [0x094e0000, 0x0982eff0, 0x09eb0000)
  to   space 10048K,   0% used [0x09eb0000, 0x09eb0000, 0x0a880000)
 tenured generation   total 201556K, used 136068K [0x0f0a0000, 0x1b575000, 0x24600000)
   the space 201556K,  67% used [0x0f0a0000, 0x175812d0, 0x17581400, 0x1b575000)
 Metaspace       used 25446K, capacity 25986K, committed 26112K, reserved 27008K
}
Event: 10446.245 GC heap before
{Heap before GC invocations=95 (full 4):
 def new generation   total 90816K, used 84155K [0x04600000, 0x0a880000, 0x0f0a0000)
  eden space 80768K, 100% used [0x04600000, 0x094e0000, 0x094e0000)
  from space 10048K,  33% used [0x094e0000, 0x0982eff0, 0x09eb0000)
  to   space 10048K,   0% used [0x09eb0000, 0x09eb0000, 0x0a880000)
 tenured generation   total 201556K, used 136068K [0x0f0a0000, 0x1b575000, 0x24600000)
   the space 201556K,  67% used [0x0f0a0000, 0x175812d0, 0x17581400, 0x1b575000)
 Metaspace       used 25446K, capacity 25986K, committed 26112K, reserved 27008K
Event: 10446.248 GC heap after
Heap after GC invocations=96 (full 4):
 def new generation   total 90816K, used 3387K [0x04600000, 0x0a880000, 0x0f0a0000)
  eden space 80768K,   0% used [0x04600000, 0x04600000, 0x094e0000)
  from space 10048K,  33% used [0x09eb0000, 0x0a1feca8, 0x0a880000)
  to   space 10048K,   0% used [0x094e0000, 0x094e0000, 0x09eb0000)
 tenured generation   total 201556K, used 136068K [0x0f0a0000, 0x1b575000, 0x24600000)
   the space 201556K,  67% used [0x0f0a0000, 0x175812d0, 0x17581400, 0x1b575000)
 Metaspace       used 25446K, capacity 25986K, committed 26112K, reserved 27008K
}
Event: 10525.748 GC heap before
{Heap before GC invocations=96 (full 4):
 def new generation   total 90816K, used 84155K [0x04600000, 0x0a880000, 0x0f0a0000)
  eden space 80768K, 100% used [0x04600000, 0x094e0000, 0x094e0000)
  from space 10048K,  33% used [0x09eb0000, 0x0a1feca8, 0x0a880000)
  to   space 10048K,   0% used [0x094e0000, 0x094e0000, 0x09eb0000)
 tenured generation   total 201556K, used 136068K [0x0f0a0000, 0x1b575000, 0x24600000)
   the space 201556K,  67% used [0x0f0a0000, 0x175812d0, 0x17581400, 0x1b575000)
 Metaspace       used 25446K, capacity 25986K, committed 26112K, reserved 27008K
Event: 10525.751 GC heap after
Heap after GC invocations=97 (full 4):
 def new generation   total 90816K, used 3387K [0x04600000, 0x0a880000, 0x0f0a0000)
  eden space 80768K,   0% used [0x04600000, 0x04600000, 0x094e0000)
  from space 10048K,  33% used [0x094e0000, 0x0982ec88, 0x09eb0000)
  to   space 10048K,   0% used [0x09eb0000, 0x09eb0000, 0x0a880000)
 tenured generation   total 201556K, used 136068K [0x0f0a0000, 0x1b575000, 0x24600000)
   the space 201556K,  67% used [0x0f0a0000, 0x175812d0, 0x17581400, 0x1b575000)
 Metaspace       used 25446K, capacity 25986K, committed 26112K, reserved 27008K
}
Event: 10605.720 GC heap before
{Heap before GC invocations=97 (full 4):
 def new generation   total 90816K, used 84155K [0x04600000, 0x0a880000, 0x0f0a0000)
  eden space 80768K, 100% used [0x04600000, 0x094e0000, 0x094e0000)
  from space 10048K,  33% used [0x094e0000, 0x0982ec88, 0x09eb0000)
  to   space 10048K,   0% used [0x09eb0000, 0x09eb0000, 0x0a880000)
 tenured generation   total 201556K, used 136068K [0x0f0a0000, 0x1b575000, 0x24600000)
   the space 201556K,  67% used [0x0f0a0000, 0x175812d0, 0x17581400, 0x1b575000)
 Metaspace       used 25446K, capacity 25986K, committed 26112K, reserved 27008K
Event: 10605.723 GC heap after
Heap after GC invocations=98 (full 4):
 def new generation   total 90816K, used 2625K [0x04600000, 0x0a880000, 0x0f0a0000)
  eden space 80768K,   0% used [0x04600000, 0x04600000, 0x094e0000)
  from space 10048K,  26% used [0x09eb0000, 0x0a140688, 0x0a880000)
  to   space 10048K,   0% used [0x094e0000, 0x094e0000, 0x09eb0000)
 tenured generation   total 201556K, used 136068K [0x0f0a0000, 0x1b575000, 0x24600000)
   the space 201556K,  67% used [0x0f0a0000, 0x17581328, 0x17581400, 0x1b575000)
 Metaspace       used 25446K, capacity 25986K, committed 26112K, reserved 27008K
}
Event: 10685.865 GC heap before
{Heap before GC invocations=98 (full 4):
 def new generation   total 90816K, used 83393K [0x04600000, 0x0a880000, 0x0f0a0000)
  eden space 80768K, 100% used [0x04600000, 0x094e0000, 0x094e0000)
  from space 10048K,  26% used [0x09eb0000, 0x0a140688, 0x0a880000)
  to   space 10048K,   0% used [0x094e0000, 0x094e0000, 0x09eb0000)
 tenured generation   total 201556K, used 136068K [0x0f0a0000, 0x1b575000, 0x24600000)
   the space 201556K,  67% used [0x0f0a0000, 0x17581328, 0x17581400, 0x1b575000)
 Metaspace       used 25446K, capacity 25986K, committed 26112K, reserved 27008K
Event: 10685.867 GC heap after
Heap after GC invocations=99 (full 4):
 def new generation   total 90816K, used 2627K [0x04600000, 0x0a880000, 0x0f0a0000)
  eden space 80768K,   0% used [0x04600000, 0x04600000, 0x094e0000)
  from space 10048K,  26% used [0x094e0000, 0x09770f50, 0x09eb0000)
  to   space 10048K,   0% used [0x09eb0000, 0x09eb0000, 0x0a880000)
 tenured generation   total 201556K, used 136068K [0x0f0a0000, 0x1b575000, 0x24600000)
   the space 201556K,  67% used [0x0f0a0000, 0x17581328, 0x17581400, 0x1b575000)
 Metaspace       used 25446K, capacity 25986K, committed 26112K, reserved 27008K
}

