# JRE version: Java(TM) SE Runtime Environment (8.0_191-b12) (build 1.8.0_191-b12)
# Java VM: Java HotSpot(TM) Client VM (25.191-b12 mixed mode windows-x86 )
Heap:
 def new generation   total 84480K, used 40148K [0x04c00000, 0x0a7a0000, 0x0f6a0000)
  eden space 75136K,  49% used [0x04c00000, 0x07094968, 0x09560000)
  from space 9344K,  28% used [0x09e80000, 0x0a1207a8, 0x0a7a0000)
  to   space 9344K,   0% used [0x09560000, 0x09560000, 0x09e80000)
 tenured generation   total 187456K, used 103665K [0x0f6a0000, 0x1adb0000, 0x24c00000)
   the space 187456K,  55% used [0x0f6a0000, 0x15bdc488, 0x15bdc600, 0x1adb0000)
 Metaspace       used 25227K, capacity 25779K, committed 25984K, reserved 25984K
GC Heap History (10 events):
Event: 1453.374 GC heap before
{Heap before GC invocations=21 (full 4):
 def new generation   total 84480K, used 78901K [0x04c00000, 0x0a7a0000, 0x0f6a0000)
  eden space 75136K, 100% used [0x04c00000, 0x09560000, 0x09560000)
  from space 9344K,  40% used [0x09560000, 0x0990d408, 0x09e80000)
  to   space 9344K,   0% used [0x09e80000, 0x09e80000, 0x0a7a0000)
 tenured generation   total 187456K, used 103665K [0x0f6a0000, 0x1adb0000, 0x24c00000)
   the space 187456K,  55% used [0x0f6a0000, 0x15bdc488, 0x15bdc600, 0x1adb0000)
 Metaspace       used 25227K, capacity 25779K, committed 25984K, reserved 25984K
Event: 1453.379 GC heap after
Heap after GC invocations=22 (full 4):
 def new generation   total 84480K, used 3715K [0x04c00000, 0x0a7a0000, 0x0f6a0000)
  eden space 75136K,   0% used [0x04c00000, 0x04c00000, 0x09560000)
  from space 9344K,  39% used [0x09e80000, 0x0a220d30, 0x0a7a0000)
  to   space 9344K,   0% used [0x09560000, 0x09560000, 0x09e80000)
 tenured generation   total 187456K, used 103665K [0x0f6a0000, 0x1adb0000, 0x24c00000)
   the space 187456K,  55% used [0x0f6a0000, 0x15bdc488, 0x15bdc600, 0x1adb0000)
 Metaspace       used 25227K, capacity 25779K, committed 25984K, reserved 25984K
}
Event: 1527.702 GC heap before
{Heap before GC invocations=22 (full 4):
 def new generation   total 84480K, used 78851K [0x04c00000, 0x0a7a0000, 0x0f6a0000)
  eden space 75136K, 100% used [0x04c00000, 0x09560000, 0x09560000)
  from space 9344K,  39% used [0x09e80000, 0x0a220d30, 0x0a7a0000)
  to   space 9344K,   0% used [0x09560000, 0x09560000, 0x09e80000)
 tenured generation   total 187456K, used 103665K [0x0f6a0000, 0x1adb0000, 0x24c00000)
   the space 187456K,  55% used [0x0f6a0000, 0x15bdc488, 0x15bdc600, 0x1adb0000)
 Metaspace       used 25227K, capacity 25779K, committed 25984K, reserved 25984K
Event: 1527.707 GC heap after
Heap after GC invocations=23 (full 4):
 def new generation   total 84480K, used 3715K [0x04c00000, 0x0a7a0000, 0x0f6a0000)
  eden space 75136K,   0% used [0x04c00000, 0x04c00000, 0x09560000)
  from space 9344K,  39% used [0x09560000, 0x09900d30, 0x09e80000)
  to   space 9344K,   0% used [0x09e80000, 0x09e80000, 0x0a7a0000)
 tenured generation   total 187456K, used 103665K [0x0f6a0000, 0x1adb0000, 0x24c00000)
   the space 187456K,  55% used [0x0f6a0000, 0x15bdc488, 0x15bdc600, 0x1adb0000)
 Metaspace       used 25227K, capacity 25779K, committed 25984K, reserved 25984K
}
Event: 1602.635 GC heap before
{Heap before GC invocations=23 (full 4):
 def new generation   total 84480K, used 78851K [0x04c00000, 0x0a7a0000, 0x0f6a0000)
  eden space 75136K, 100% used [0x04c00000, 0x09560000, 0x09560000)
  from space 9344K,  39% used [0x09560000, 0x09900d30, 0x09e80000)
  to   space 9344K,   0% used [0x09e80000, 0x09e80000, 0x0a7a0000)
 tenured generation   total 187456K, used 103665K [0x0f6a0000, 0x1adb0000, 0x24c00000)
   the space 187456K,  55% used [0x0f6a0000, 0x15bdc488, 0x15bdc600, 0x1adb0000)
 Metaspace       used 25227K, capacity 25779K, committed 25984K, reserved 25984K
Event: 1602.638 GC heap after
Heap after GC invocations=24 (full 4):
 def new generation   total 84480K, used 2691K [0x04c00000, 0x0a7a0000, 0x0f6a0000)
  eden space 75136K,   0% used [0x04c00000, 0x04c00000, 0x09560000)
  from space 9344K,  28% used [0x09e80000, 0x0a120f68, 0x0a7a0000)
  to   space 9344K,   0% used [0x09560000, 0x09560000, 0x09e80000)
 tenured generation   total 187456K, used 103665K [0x0f6a0000, 0x1adb0000, 0x24c00000)
   the space 187456K,  55% used [0x0f6a0000, 0x15bdc488, 0x15bdc600, 0x1adb0000)
 Metaspace       used 25227K, capacity 25779K, committed 25984K, reserved 25984K
}
Event: 1677.099 GC heap before
{Heap before GC invocations=24 (full 4):
 def new generation   total 84480K, used 77827K [0x04c00000, 0x0a7a0000, 0x0f6a0000)
  eden space 75136K, 100% used [0x04c00000, 0x09560000, 0x09560000)
  from space 9344K,  28% used [0x09e80000, 0x0a120f68, 0x0a7a0000)
  to   space 9344K,   0% used [0x09560000, 0x09560000, 0x09e80000)
 tenured generation   total 187456K, used 103665K [0x0f6a0000, 0x1adb0000, 0x24c00000)
   the space 187456K,  55% used [0x0f6a0000, 0x15bdc488, 0x15bdc600, 0x1adb0000)
 Metaspace       used 25227K, capacity 25779K, committed 25984K, reserved 25984K
Event: 1677.106 GC heap after
Heap after GC invocations=25 (full 4):
 def new generation   total 84480K, used 2686K [0x04c00000, 0x0a7a0000, 0x0f6a0000)
  eden space 75136K,   0% used [0x04c00000, 0x04c00000, 0x09560000)
  from space 9344K,  28% used [0x09560000, 0x097ffab8, 0x09e80000)
  to   space 9344K,   0% used [0x09e80000, 0x09e80000, 0x0a7a0000)
 tenured generation   total 187456K, used 103665K [0x0f6a0000, 0x1adb0000, 0x24c00000)
   the space 187456K,  55% used [0x0f6a0000, 0x15bdc488, 0x15bdc600, 0x1adb0000)
 Metaspace       used 25227K, capacity 25779K, committed 25984K, reserved 25984K
}
Event: 1750.869 GC heap before
{Heap before GC invocations=25 (full 4):
 def new generation   total 84480K, used 77822K [0x04c00000, 0x0a7a0000, 0x0f6a0000)
  eden space 75136K, 100% used [0x04c00000, 0x09560000, 0x09560000)
  from space 9344K,  28% used [0x09560000, 0x097ffab8, 0x09e80000)
  to   space 9344K,   0% used [0x09e80000, 0x09e80000, 0x0a7a0000)
 tenured generation   total 187456K, used 103665K [0x0f6a0000, 0x1adb0000, 0x24c00000)
   the space 187456K,  55% used [0x0f6a0000, 0x15bdc488, 0x15bdc600, 0x1adb0000)
 Metaspace       used 25227K, capacity 25779K, committed 25984K, reserved 25984K
Event: 1750.872 GC heap after
Heap after GC invocations=26 (full 4):
 def new generation   total 84480K, used 2689K [0x04c00000, 0x0a7a0000, 0x0f6a0000)
  eden space 75136K,   0% used [0x04c00000, 0x04c00000, 0x09560000)
  from space 9344K,  28% used [0x09e80000, 0x0a1207a8, 0x0a7a0000)
  to   space 9344K,   0% used [0x09560000, 0x09560000, 0x09e80000)
 tenured generation   total 187456K, used 103665K [0x0f6a0000, 0x1adb0000, 0x24c00000)
   the space 187456K,  55% used [0x0f6a0000, 0x15bdc488, 0x15bdc600, 0x1adb0000)
 Metaspace       used 25227K, capacity 25779K, committed 25984K, reserved 25984K
}

